{"/Users/matthewcarter/dev/birds/src/App.js": {"path":"/Users/matthewcarter/dev/birds/src/App.js","statementMap":{"0":{"start":{"line":7,"column":4},"end":{"line":17,"column":6}}},"fnMap":{"0":{"name":"(anonymous_0)","decl":{"start":{"line":6,"column":2},"end":{"line":6,"column":3}},"loc":{"start":{"line":6,"column":11},"end":{"line":18,"column":3}},"line":6}},"branchMap":{},"s":{"0":1},"f":{"0":1},"b":{},"_coverageSchema":"332fd63041d2c1bcb487cc26dd0d5f7d97098a6c","hash":"4ca21ad46e1c1d8bd102faa293dc223cb41a66e2"}
,"/Users/matthewcarter/dev/birds/src/Components/Login.js": {"path":"/Users/matthewcarter/dev/birds/src/Components/Login.js","statementMap":{"0":{"start":{"line":5,"column":4},"end":{"line":7,"column":6}}},"fnMap":{"0":{"name":"(anonymous_0)","decl":{"start":{"line":4,"column":2},"end":{"line":4,"column":3}},"loc":{"start":{"line":4,"column":11},"end":{"line":8,"column":3}},"line":4}},"branchMap":{},"s":{"0":1},"f":{"0":1},"b":{},"_coverageSchema":"332fd63041d2c1bcb487cc26dd0d5f7d97098a6c","hash":"4492d5ee7d70e4559334e2ee2b9f404254d9b79b"}
,"/Users/matthewcarter/dev/birds/src/Components/Profile.js": {"path":"/Users/matthewcarter/dev/birds/src/Components/Profile.js","statementMap":{"0":{"start":{"line":5,"column":4},"end":{"line":7,"column":6}}},"fnMap":{"0":{"name":"(anonymous_0)","decl":{"start":{"line":4,"column":2},"end":{"line":4,"column":3}},"loc":{"start":{"line":4,"column":11},"end":{"line":8,"column":3}},"line":4}},"branchMap":{},"s":{"0":1},"f":{"0":1},"b":{},"_coverageSchema":"332fd63041d2c1bcb487cc26dd0d5f7d97098a6c","hash":"c54a0c4db1df7cff740878de6f1d6f63639c57b6"}
}
