{"/Users/matthewcarter/dev/birds/src/App.js": {"path":"/Users/matthewcarter/dev/birds/src/App.js","statementMap":{"0":{"start":{"line":1,"column":13},"end":{"line":1,"column":75}},"1":{"start":{"line":1,"column":94},"end":{"line":1,"column":137}},"2":{"start":{"line":1,"column":151},"end":{"line":1,"column":167}},"3":{"start":{"line":1,"column":182},"end":{"line":1,"column":212}},"4":{"start":{"line":2,"column":12},"end":{"line":2,"column":33}},"5":{"start":{"line":2,"column":47},"end":{"line":2,"column":76}},"6":{"start":{"line":3,"column":0},"end":{"line":3,"column":21}},"7":{"start":{"line":3,"column":59},"end":{"line":3,"column":113}},"8":{"start":{"line":7,"column":4},"end":{"line":14,"column":161}},"9":{"start":{"line":18,"column":4},"end":{"line":21,"column":4}}},"fnMap":{"0":{"name":"_interopRequireDefault","decl":{"start":{"line":3,"column":30},"end":{"line":3,"column":52}},"loc":{"start":{"line":3,"column":58},"end":{"line":3,"column":114}},"line":3},"1":{"name":"(anonymous_1)","decl":{"start":{"line":6,"column":2},"end":{"line":6,"column":3}},"loc":{"start":{"line":6,"column":11},"end":{"line":18,"column":3}},"line":6}},"branchMap":{"0":{"loc":{"start":{"line":3,"column":66},"end":{"line":3,"column":112}},"type":"cond-expr","locations":[{"start":{"line":3,"column":90},"end":{"line":3,"column":93}},{"start":{"line":3,"column":96},"end":{"line":3,"column":112}}],"line":3},"1":{"loc":{"start":{"line":3,"column":66},"end":{"line":3,"column":87}},"type":"binary-expr","locations":[{"start":{"line":3,"column":66},"end":{"line":3,"column":69}},{"start":{"line":3,"column":73},"end":{"line":3,"column":87}}],"line":3}},"s":{"0":0,"1":0,"2":0,"3":0,"4":0,"5":0,"6":0,"7":0,"8":0,"9":0},"f":{"0":0,"1":0},"b":{"0":[0,0],"1":[0,0]}}
,"/Users/matthewcarter/dev/birds/src/Components/Input/Button.js": {"path":"/Users/matthewcarter/dev/birds/src/Components/Input/Button.js","statementMap":{"0":{"start":{"line":4,"column":15},"end":{"line":8,"column":1}},"1":{"start":{"line":12,"column":4},"end":{"line":19,"column":6}},"2":{"start":{"line":23,"column":0},"end":{"line":26,"column":2}}},"fnMap":{"0":{"name":"(anonymous_0)","decl":{"start":{"line":11,"column":2},"end":{"line":11,"column":3}},"loc":{"start":{"line":11,"column":11},"end":{"line":20,"column":3}},"line":11}},"branchMap":{},"s":{"0":2,"1":1,"2":2},"f":{"0":1},"b":{},"_coverageSchema":"332fd63041d2c1bcb487cc26dd0d5f7d97098a6c","hash":"f105743ca924b264ca9a6f9e583fe96c48946466"}
,"/Users/matthewcarter/dev/birds/src/Components/User/Login.js": {"path":"/Users/matthewcarter/dev/birds/src/Components/User/Login.js","statementMap":{"0":{"start":{"line":6,"column":4},"end":{"line":13,"column":6}}},"fnMap":{"0":{"name":"(anonymous_0)","decl":{"start":{"line":5,"column":2},"end":{"line":5,"column":3}},"loc":{"start":{"line":5,"column":11},"end":{"line":14,"column":3}},"line":5}},"branchMap":{},"s":{"0":1},"f":{"0":1},"b":{},"_coverageSchema":"332fd63041d2c1bcb487cc26dd0d5f7d97098a6c","hash":"317bb90754f3caed508a67276acfa85097406108"}
,"/Users/matthewcarter/dev/birds/src/Components/User/Profile.js": {"path":"/Users/matthewcarter/dev/birds/src/Components/User/Profile.js","statementMap":{"0":{"start":{"line":1,"column":13},"end":{"line":1,"column":75}},"1":{"start":{"line":1,"column":94},"end":{"line":1,"column":152}},"2":{"start":{"line":1,"column":166},"end":{"line":1,"column":182}},"3":{"start":{"line":1,"column":197},"end":{"line":1,"column":227}},"4":{"start":{"line":1,"column":266},"end":{"line":1,"column":320}},"5":{"start":{"line":5,"column":4},"end":{"line":6,"column":135}},"6":{"start":{"line":8,"column":4},"end":{"line":11,"column":8}}},"fnMap":{"0":{"name":"_interopRequireDefault","decl":{"start":{"line":1,"column":237},"end":{"line":1,"column":259}},"loc":{"start":{"line":1,"column":265},"end":{"line":1,"column":321}},"line":1},"1":{"name":"(anonymous_1)","decl":{"start":{"line":4,"column":2},"end":{"line":4,"column":3}},"loc":{"start":{"line":4,"column":11},"end":{"line":8,"column":3}},"line":4}},"branchMap":{"0":{"loc":{"start":{"line":1,"column":273},"end":{"line":1,"column":319}},"type":"cond-expr","locations":[{"start":{"line":1,"column":297},"end":{"line":1,"column":300}},{"start":{"line":1,"column":303},"end":{"line":1,"column":319}}],"line":1},"1":{"loc":{"start":{"line":1,"column":273},"end":{"line":1,"column":294}},"type":"binary-expr","locations":[{"start":{"line":1,"column":273},"end":{"line":1,"column":276}},{"start":{"line":1,"column":280},"end":{"line":1,"column":294}}],"line":1}},"s":{"0":0,"1":0,"2":0,"3":0,"4":0,"5":0,"6":0},"f":{"0":0,"1":0},"b":{"0":[0,0],"1":[0,0]}}
}
