{"/Users/matthewcarter/dev/birds/src/App.js": {"path":"/Users/matthewcarter/dev/birds/src/App.js","statementMap":{"0":{"start":{"line":8,"column":4},"end":{"line":13,"column":6}},"1":{"start":{"line":17,"column":0},"end":{"line":19,"column":2}}},"fnMap":{"0":{"name":"(anonymous_0)","decl":{"start":{"line":7,"column":2},"end":{"line":7,"column":3}},"loc":{"start":{"line":7,"column":11},"end":{"line":14,"column":3}},"line":7}},"branchMap":{},"s":{"0":1,"1":1},"f":{"0":1},"b":{},"_coverageSchema":"332fd63041d2c1bcb487cc26dd0d5f7d97098a6c","hash":"0a3ea7abbcafbb13e24ae9c835f43d83dd333924"}
,"/Users/matthewcarter/dev/birds/src/Components/Header.js": {"path":"/Users/matthewcarter/dev/birds/src/Components/Header.js","statementMap":{"0":{"start":{"line":3,"column":15},"end":{"line":7,"column":1}},"1":{"start":{"line":11,"column":4},"end":{"line":18,"column":6}}},"fnMap":{"0":{"name":"(anonymous_0)","decl":{"start":{"line":10,"column":2},"end":{"line":10,"column":3}},"loc":{"start":{"line":10,"column":11},"end":{"line":19,"column":3}},"line":10}},"branchMap":{},"s":{"0":2,"1":1},"f":{"0":1},"b":{},"_coverageSchema":"332fd63041d2c1bcb487cc26dd0d5f7d97098a6c","hash":"66c8ac0d782ba1d2fa6e61115e8070dec7c2d973"}
,"/Users/matthewcarter/dev/birds/src/Components/Input/Button.js": {"path":"/Users/matthewcarter/dev/birds/src/Components/Input/Button.js","statementMap":{"0":{"start":{"line":1,"column":13},"end":{"line":1,"column":75}},"1":{"start":{"line":1,"column":94},"end":{"line":1,"column":157}},"2":{"start":{"line":1,"column":171},"end":{"line":1,"column":187}},"3":{"start":{"line":1,"column":202},"end":{"line":1,"column":232}},"4":{"start":{"line":2,"column":17},"end":{"line":2,"column":38}},"5":{"start":{"line":2,"column":57},"end":{"line":2,"column":91}},"6":{"start":{"line":2,"column":130},"end":{"line":2,"column":184}},"7":{"start":{"line":4,"column":15},"end":{"line":11,"column":28}},"8":{"start":{"line":17,"column":4},"end":{"line":23,"column":102}},"9":{"start":{"line":29,"column":0},"end":{"line":31,"column":47}},"10":{"start":{"line":31,"column":47},"end":{"line":34,"column":7}}},"fnMap":{"0":{"name":"_interopRequireDefault","decl":{"start":{"line":2,"column":101},"end":{"line":2,"column":123}},"loc":{"start":{"line":2,"column":129},"end":{"line":2,"column":185}},"line":2},"1":{"name":"(anonymous_1)","decl":{"start":{"line":16,"column":2},"end":{"line":16,"column":3}},"loc":{"start":{"line":16,"column":11},"end":{"line":26,"column":3}},"line":16}},"branchMap":{"0":{"loc":{"start":{"line":2,"column":137},"end":{"line":2,"column":183}},"type":"cond-expr","locations":[{"start":{"line":2,"column":161},"end":{"line":2,"column":164}},{"start":{"line":2,"column":167},"end":{"line":2,"column":183}}],"line":2},"1":{"loc":{"start":{"line":2,"column":137},"end":{"line":2,"column":158}},"type":"binary-expr","locations":[{"start":{"line":2,"column":137},"end":{"line":2,"column":140}},{"start":{"line":2,"column":144},"end":{"line":2,"column":158}}],"line":2}},"s":{"0":0,"1":0,"2":0,"3":0,"4":0,"5":0,"6":0,"7":0,"8":0,"9":0,"10":0},"f":{"0":0,"1":0},"b":{"0":[0,0],"1":[0,0]}}
,"/Users/matthewcarter/dev/birds/src/Components/Input/FormInput.js": {"path":"/Users/matthewcarter/dev/birds/src/Components/Input/FormInput.js","statementMap":{"0":{"start":{"line":1,"column":13},"end":{"line":1,"column":75}},"1":{"start":{"line":1,"column":94},"end":{"line":1,"column":160}},"2":{"start":{"line":1,"column":174},"end":{"line":1,"column":190}},"3":{"start":{"line":1,"column":205},"end":{"line":1,"column":235}},"4":{"start":{"line":2,"column":17},"end":{"line":2,"column":38}},"5":{"start":{"line":2,"column":57},"end":{"line":2,"column":91}},"6":{"start":{"line":2,"column":130},"end":{"line":2,"column":184}},"7":{"start":{"line":4,"column":15},"end":{"line":13,"column":27}},"8":{"start":{"line":19,"column":4},"end":{"line":25,"column":116}},"9":{"start":{"line":31,"column":0},"end":{"line":35,"column":55}},"10":{"start":{"line":35,"column":55},"end":{"line":38,"column":10}}},"fnMap":{"0":{"name":"_interopRequireDefault","decl":{"start":{"line":2,"column":101},"end":{"line":2,"column":123}},"loc":{"start":{"line":2,"column":129},"end":{"line":2,"column":185}},"line":2},"1":{"name":"(anonymous_1)","decl":{"start":{"line":18,"column":2},"end":{"line":18,"column":3}},"loc":{"start":{"line":18,"column":11},"end":{"line":28,"column":3}},"line":18}},"branchMap":{"0":{"loc":{"start":{"line":2,"column":137},"end":{"line":2,"column":183}},"type":"cond-expr","locations":[{"start":{"line":2,"column":161},"end":{"line":2,"column":164}},{"start":{"line":2,"column":167},"end":{"line":2,"column":183}}],"line":2},"1":{"loc":{"start":{"line":2,"column":137},"end":{"line":2,"column":158}},"type":"binary-expr","locations":[{"start":{"line":2,"column":137},"end":{"line":2,"column":140}},{"start":{"line":2,"column":144},"end":{"line":2,"column":158}}],"line":2}},"s":{"0":0,"1":0,"2":0,"3":0,"4":0,"5":0,"6":0,"7":0,"8":0,"9":0,"10":0},"f":{"0":0,"1":0},"b":{"0":[0,0],"1":[0,0]}}
,"/Users/matthewcarter/dev/birds/src/Components/User/Login.js": {"path":"/Users/matthewcarter/dev/birds/src/Components/User/Login.js","statementMap":{"0":{"start":{"line":1,"column":13},"end":{"line":1,"column":75}},"1":{"start":{"line":1,"column":94},"end":{"line":1,"column":155}},"2":{"start":{"line":1,"column":169},"end":{"line":1,"column":185}},"3":{"start":{"line":1,"column":200},"end":{"line":1,"column":230}},"4":{"start":{"line":2,"column":19},"end":{"line":2,"column":42}},"5":{"start":{"line":3,"column":22},"end":{"line":3,"column":48}},"6":{"start":{"line":4,"column":17},"end":{"line":4,"column":46}},"7":{"start":{"line":4,"column":65},"end":{"line":4,"column":99}},"8":{"start":{"line":5,"column":14},"end":{"line":5,"column":40}},"9":{"start":{"line":5,"column":56},"end":{"line":5,"column":87}},"10":{"start":{"line":5,"column":126},"end":{"line":5,"column":180}},"11":{"start":{"line":7,"column":15},"end":{"line":24,"column":21}},"12":{"start":{"line":30,"column":4},"end":{"line":86,"column":168}},"13":{"start":{"line":91,"column":4},"end":{"line":94,"column":6}}},"fnMap":{"0":{"name":"_interopRequireDefault","decl":{"start":{"line":5,"column":97},"end":{"line":5,"column":119}},"loc":{"start":{"line":5,"column":125},"end":{"line":5,"column":181}},"line":5},"1":{"name":"(anonymous_1)","decl":{"start":{"line":29,"column":2},"end":{"line":29,"column":3}},"loc":{"start":{"line":29,"column":11},"end":{"line":91,"column":3}},"line":29}},"branchMap":{"0":{"loc":{"start":{"line":5,"column":133},"end":{"line":5,"column":179}},"type":"cond-expr","locations":[{"start":{"line":5,"column":157},"end":{"line":5,"column":160}},{"start":{"line":5,"column":163},"end":{"line":5,"column":179}}],"line":5},"1":{"loc":{"start":{"line":5,"column":133},"end":{"line":5,"column":154}},"type":"binary-expr","locations":[{"start":{"line":5,"column":133},"end":{"line":5,"column":136}},{"start":{"line":5,"column":140},"end":{"line":5,"column":154}}],"line":5}},"s":{"0":0,"1":0,"2":0,"3":0,"4":0,"5":0,"6":0,"7":0,"8":0,"9":0,"10":0,"11":0,"12":0,"13":0},"f":{"0":0,"1":0},"b":{"0":[0,0],"1":[0,0]}}
,"/Users/matthewcarter/dev/birds/src/Components/User/Profile.js": {"path":"/Users/matthewcarter/dev/birds/src/Components/User/Profile.js","statementMap":{"0":{"start":{"line":1,"column":13},"end":{"line":1,"column":75}},"1":{"start":{"line":1,"column":94},"end":{"line":1,"column":157}},"2":{"start":{"line":1,"column":171},"end":{"line":1,"column":187}},"3":{"start":{"line":1,"column":202},"end":{"line":1,"column":232}},"4":{"start":{"line":1,"column":271},"end":{"line":1,"column":325}},"5":{"start":{"line":5,"column":4},"end":{"line":6,"column":135}},"6":{"start":{"line":8,"column":4},"end":{"line":11,"column":8}}},"fnMap":{"0":{"name":"_interopRequireDefault","decl":{"start":{"line":1,"column":242},"end":{"line":1,"column":264}},"loc":{"start":{"line":1,"column":270},"end":{"line":1,"column":326}},"line":1},"1":{"name":"(anonymous_1)","decl":{"start":{"line":4,"column":2},"end":{"line":4,"column":3}},"loc":{"start":{"line":4,"column":11},"end":{"line":8,"column":3}},"line":4}},"branchMap":{"0":{"loc":{"start":{"line":1,"column":278},"end":{"line":1,"column":324}},"type":"cond-expr","locations":[{"start":{"line":1,"column":302},"end":{"line":1,"column":305}},{"start":{"line":1,"column":308},"end":{"line":1,"column":324}}],"line":1},"1":{"loc":{"start":{"line":1,"column":278},"end":{"line":1,"column":299}},"type":"binary-expr","locations":[{"start":{"line":1,"column":278},"end":{"line":1,"column":281}},{"start":{"line":1,"column":285},"end":{"line":1,"column":299}}],"line":1}},"s":{"0":0,"1":0,"2":0,"3":0,"4":0,"5":0,"6":0},"f":{"0":0,"1":0},"b":{"0":[0,0],"1":[0,0]}}
}
